0 info it worked if it ends with ok
1 verbose cli [ '/usr/local/Cellar/node/6.9.1/bin/node',
1 verbose cli   '/usr/local/bin/npm',
1 verbose cli   'run',
1 verbose cli   'dev' ]
2 info using npm@3.10.8
3 info using node@v6.9.1
4 verbose run-script [ 'predev', 'dev', 'postdev' ]
5 info lifecycle gym_frontend@1.0.0~predev: gym_frontend@1.0.0
6 silly lifecycle gym_frontend@1.0.0~predev: no script for predev, continuing
7 info lifecycle gym_frontend@1.0.0~dev: gym_frontend@1.0.0
8 verbose lifecycle gym_frontend@1.0.0~dev: unsafe-perm in lifecycle true
9 verbose lifecycle gym_frontend@1.0.0~dev: PATH: /usr/local/lib/node_modules/npm/bin/node-gyp-bin:/Users/admin/Code/gym_frontend/node_modules/.bin:/usr/local/Cellar/node/6.9.1/bin:/Users/admin/.rbenv/shims:/usr/local/bin:/usr/bin:/bin:/usr/sbin:/sbin:/usr/local/bin:/Users/admin/bin:/usr/local/git/bin:/usr/local/MacGPG2/bin:/Users/admin/Code/android-sdk/platform-tools:/Users/admin/Code/android-sdk/tools:/usr/local/sbin:/usr/local/Cellar/postgresql/9.3.5_1/bin/pg_config:/Users/admin/Code/jira-cli/:/Users/admin/Code/go/bin
10 verbose lifecycle gym_frontend@1.0.0~dev: CWD: /Users/admin/Code/gym_frontend
11 silly lifecycle gym_frontend@1.0.0~dev: Args: [ '-c', 'GYMCLASS_URL=localhost:9000 npm start' ]
12 silly lifecycle gym_frontend@1.0.0~dev: Returned: code: 1  signal: null
13 info lifecycle gym_frontend@1.0.0~dev: Failed to exec dev script
14 verbose stack Error: gym_frontend@1.0.0 dev: `GYMCLASS_URL=localhost:9000 npm start`
14 verbose stack Exit status 1
14 verbose stack     at EventEmitter.<anonymous> (/usr/local/lib/node_modules/npm/lib/utils/lifecycle.js:255:16)
14 verbose stack     at emitTwo (events.js:106:13)
14 verbose stack     at EventEmitter.emit (events.js:191:7)
14 verbose stack     at ChildProcess.<anonymous> (/usr/local/lib/node_modules/npm/lib/utils/spawn.js:40:14)
14 verbose stack     at emitTwo (events.js:106:13)
14 verbose stack     at ChildProcess.emit (events.js:191:7)
14 verbose stack     at maybeClose (internal/child_process.js:877:16)
14 verbose stack     at Process.ChildProcess._handle.onexit (internal/child_process.js:226:5)
15 verbose pkgid gym_frontend@1.0.0
16 verbose cwd /Users/admin/Code/gym_frontend
17 error Darwin 16.0.0
18 error argv "/usr/local/Cellar/node/6.9.1/bin/node" "/usr/local/bin/npm" "run" "dev"
19 error node v6.9.1
20 error npm  v3.10.8
21 error code ELIFECYCLE
22 error gym_frontend@1.0.0 dev: `GYMCLASS_URL=localhost:9000 npm start`
22 error Exit status 1
23 error Failed at the gym_frontend@1.0.0 dev script 'GYMCLASS_URL=localhost:9000 npm start'.
23 error Make sure you have the latest version of node.js and npm installed.
23 error If you do, this is most likely a problem with the gym_frontend package,
23 error not with npm itself.
23 error Tell the author that this fails on your system:
23 error     GYMCLASS_URL=localhost:9000 npm start
23 error You can get information on how to open an issue for this project with:
23 error     npm bugs gym_frontend
23 error Or if that isn't available, you can get their info via:
23 error     npm owner ls gym_frontend
23 error There is likely additional logging output above.
24 verbose exit [ 1, true ]
